2011/06/07 18:10:27 [error] 11092#10408: *1 CreateFile() "D:/workspace/dev/lsphp/testsmarty" failed (2: The system cannot find the file specified), client: 127.0.0.1, server: farseer, request: "GET /testsmarty HTTP/1.1", host: "localhost"
2011/06/07 18:10:39 [error] 11092#10408: *1 CreateFile() "D:/workspace/dev/lsphp/smartytest" failed (2: The system cannot find the file specified), client: 127.0.0.1, server: farseer, request: "GET /smartytest HTTP/1.1", host: "localhost"
2011/06/07 18:10:46 [error] 11092#10408: *1 CreateFile() "D:/workspace/dev/lsphp/index.php/smartytest" failed (3: The system cannot find the path specified), client: 127.0.0.1, server: farseer, request: "GET /index.php/smartytest HTTP/1.1", host: "localhost"
2011/06/07 18:11:01 [error] 11092#10408: *1 CreateFile() "D:/workspace/dev/lsphp/index.php/welcome" failed (3: The system cannot find the path specified), client: 127.0.0.1, server: farseer, request: "GET /index.php/welcome HTTP/1.1", host: "localhost"
2011/06/07 18:11:04 [error] 11092#10408: *1 "D:/workspace/dev/lsphp/index.php/index.php" is not found (3: The system cannot find the path specified), client: 127.0.0.1, server: farseer, request: "GET /index.php/ HTTP/1.1", host: "localhost"
2011/06/07 18:11:24 [error] 11092#10408: *11 CreateFile() "D:/workspace/dev/lsphp/welcome" failed (2: The system cannot find the file specified), client: 127.0.0.1, server: farseer, request: "GET /welcome HTTP/1.1", host: "lsphp"
2011/06/07 18:11:25 [error] 11092#10408: *11 CreateFile() "D:/workspace/dev/lsphp/favicon.ico" failed (2: The system cannot find the file specified), client: 127.0.0.1, server: farseer, request: "GET /favicon.ico HTTP/1.1", host: "lsphp"
2011/06/07 18:11:54 [error] 11092#10408: *1 CreateFile() "D:/workspace/dev/lsphp/index.php/hello" failed (3: The system cannot find the path specified), client: 127.0.0.1, server: farseer, request: "GET /index.php/hello HTTP/1.1", host: "localhost"
2011/06/07 18:13:44 [error] 11092#10408: *17 CreateFile() "D:/workspace/dev/lsphp/index.php/hello" failed (3: The system cannot find the path specified), client: 127.0.0.1, server: farseer, request: "GET /index.php/hello HTTP/1.1", host: "localhost"
2011/06/07 18:17:40 [notice] 3960#5284: signal process started
2011/06/07 18:17:40 [error] 3960#5284: OpenEvent("ngx_stop_4412") failed (2: The system cannot find the file specified)
2011/06/07 18:22:37 [emerg] 7444#12400: unknown directive "<--" in D:\workspace\dev\Farseer/conf/nginx.conf:34
2011/06/07 18:22:40 [emerg] 2508#2028: unknown directive "<--" in D:\workspace\dev\Farseer/conf/nginx.conf:34
2011/06/07 18:22:41 [emerg] 11116#9720: unknown directive "<--" in D:\workspace\dev\Farseer/conf/nginx.conf:34
2011/06/07 18:23:14 [emerg] 12892#12648: unknown directive "<--" in D:\workspace\dev\Farseer/conf/nginx.conf:34
2011/06/07 18:23:47 [error] 9912#4252: *1 CreateFile() "D:/workspace/dev/lsphp/hello" failed (2: The system cannot find the file specified), client: 127.0.0.1, server: farseer, request: "GET /hello HTTP/1.1", host: "localhost"
2011/06/07 18:23:53 [error] 9912#4252: *1 CreateFile() "D:/workspace/dev/lsphp/index.php/hello" failed (3: The system cannot find the path specified), client: 127.0.0.1, server: farseer, request: "GET /index.php/hello HTTP/1.1", host: "localhost"
2011/06/07 18:25:00 [emerg] 12352#5032: unknown "path_info" variable
2011/06/07 18:25:03 [emerg] 11004#14280: unknown "path_info" variable
2011/06/07 18:25:04 [emerg] 14196#536: unknown "path_info" variable
2011/06/07 18:27:30 [notice] 12436#13624: signal process started
2011/06/07 18:27:30 [error] 12436#13624: OpenEvent("ngx_stop_11688") failed (2: The system cannot find the file specified)
2011/06/07 18:28:06 [error] 11268#13200: *1 CreateFile() "D:\workspace\dev\lsphp/hello.php/akira" failed (3: The system cannot find the path specified), client: 127.0.0.1, server: farseer, request: "GET /hello.php/akira HTTP/1.1", host: "localhost"
2011/06/07 18:28:26 [error] 11268#13200: *1 CreateFile() "D:\workspace\dev\lsphp/welcome" failed (2: The system cannot find the file specified), client: 127.0.0.1, server: farseer, request: "GET /welcome HTTP/1.1", host: "localhost"
2011/06/07 18:31:38 [emerg] 5032#12648: CreateFile() "D:\workspace\dev\Farseer/conf/fcgi.conf" failed (2: The system cannot find the file specified) in D:\workspace\dev\Farseer/conf/nginx.conf:33
2011/06/07 18:31:38 [emerg] 6352#13232: CreateFile() "D:\workspace\dev\Farseer/conf/fcgi.conf" failed (2: The system cannot find the file specified) in D:\workspace\dev\Farseer/conf/nginx.conf:33
2011/06/07 18:32:31 [notice] 4384#4264: signal process started
2011/06/07 18:32:31 [error] 4384#4264: OpenEvent("ngx_stop_8388") failed (2: The system cannot find the file specified)
2011/06/07 18:33:44 [notice] 10432#14248: signal process started
2011/06/07 18:33:44 [error] 10432#14248: OpenEvent("ngx_stop_13908") failed (2: The system cannot find the file specified)
2011/06/07 18:37:13 [notice] 2532#9360: signal process started
2011/06/07 18:37:13 [error] 2532#9360: OpenEvent("ngx_stop_13308") failed (2: The system cannot find the file specified)
2011/06/07 18:38:04 [notice] 11612#10580: signal process started
2011/06/07 18:38:04 [error] 11612#10580: OpenEvent("ngx_stop_14012") failed (2: The system cannot find the file specified)
2011/06/07 18:38:21 [error] 13248#13304: *1 CreateFile() "D:\workspace\dev\lsphp/index.php/hello" failed (3: The system cannot find the path specified), client: 127.0.0.1, server: farseer, request: "GET /index.php/hello HTTP/1.1", host: "localhost"
2011/06/07 18:41:27 [emerg] 10344#11564: pcre_compile() failed: unmatched parentheses in "（resourcs|robots\.txt|index\.php.*)" at ")" in D:\workspace\dev\Farseer/conf/nginx.conf:30
2011/06/07 18:41:27 [emerg] 14096#8232: pcre_compile() failed: unmatched parentheses in "（resourcs|robots\.txt|index\.php.*)" at ")" in D:\workspace\dev\Farseer/conf/nginx.conf:30
2011/06/07 18:42:18 [emerg] 2684#9356: pcre_compile() failed: unmatched parentheses in "（resourcs|robots\.txt|index\.php.*)" at ")" in D:\workspace\dev\Farseer/conf/nginx.conf:30
2011/06/07 18:42:18 [emerg] 12348#12808: pcre_compile() failed: unmatched parentheses in "（resourcs|robots\.txt|index\.php.*)" at ")" in D:\workspace\dev\Farseer/conf/nginx.conf:30
2011/06/07 18:43:02 [emerg] 13092#3180: pcre_compile() failed: unmatched parentheses in "（resourcs|robots\.txt|index\.php.*)" at ")" in D:\workspace\dev\Farseer/conf/nginx.conf:30
2011/06/07 18:43:03 [emerg] 10796#8672: pcre_compile() failed: unmatched parentheses in "（resourcs|robots\.txt|index\.php.*)" at ")" in D:\workspace\dev\Farseer/conf/nginx.conf:30
2011/06/07 18:43:42 [emerg] 13292#14012: pcre_compile() failed: unmatched parentheses in "（resourcs|robots\.txt|index\.php.*)" at ")" in D:\workspace\dev\Farseer/conf/nginx.conf:30
2011/06/07 18:43:43 [emerg] 8376#12600: pcre_compile() failed: unmatched parentheses in "（resourcs|robots\.txt|index\.php.*)" at ")" in D:\workspace\dev\Farseer/conf/nginx.conf:30
2011/06/07 18:44:48 [notice] 13864#13932: signal process started
2011/06/07 18:44:48 [error] 13864#13932: OpenEvent("ngx_stop_12028") failed (2: The system cannot find the file specified)
2011/06/07 18:46:09 [notice] 13872#4312: signal process started
2011/06/07 18:46:09 [error] 13872#4312: OpenEvent("ngx_stop_11268") failed (2: The system cannot find the file specified)
2011/06/07 18:46:33 [notice] 11576#14228: signal process started
2011/06/07 18:46:33 [error] 11576#14228: OpenEvent("ngx_stop_13808") failed (2: The system cannot find the file specified)
2011/06/07 18:48:06 [notice] 5876#5492: signal process started
2011/06/07 18:48:06 [error] 5876#5492: OpenEvent("ngx_stop_5100") failed (2: The system cannot find the file specified)
2011/06/07 18:48:17 [error] 12868#7384: *1 rewrite or internal redirection cycle while processing "/index2.php/index2.php/index2.php/index2.php/index2.php/index2.php/index2.php/index2.php/index2.php/index2.php/index2.php/hello", client: 127.0.0.1, server: farseer, request: "GET /hello HTTP/1.1", host: "localhost"
2011/06/07 18:48:34 [notice] 12704#13400: signal process started
2011/06/07 18:48:34 [error] 12704#13400: OpenEvent("ngx_stop_13184") failed (2: The system cannot find the file specified)
2011/06/07 18:50:17 [notice] 10504#13508: signal process started
2011/06/07 18:50:17 [error] 10504#13508: OpenEvent("ngx_stop_10536") failed (2: The system cannot find the file specified)
2011/06/07 18:51:52 [notice] 12736#13708: signal process started
2011/06/07 18:51:52 [error] 12736#13708: OpenEvent("ngx_stop_2680") failed (2: The system cannot find the file specified)
2011/06/07 18:53:43 [notice] 3556#12868: signal process started
2011/06/07 18:53:43 [error] 3556#12868: OpenEvent("ngx_stop_13520") failed (2: The system cannot find the file specified)
2011/06/07 18:57:28 [notice] 13720#10544: signal process started
2011/06/07 18:57:28 [error] 13720#10544: OpenEvent("ngx_stop_7304") failed (2: The system cannot find the file specified)
2011/06/07 18:58:29 [notice] 12844#12984: signal process started
2011/06/07 18:58:29 [error] 12844#12984: OpenEvent("ngx_stop_6600") failed (2: The system cannot find the file specified)
2011/06/07 18:59:43 [notice] 13864#12772: signal process started
2011/06/07 18:59:43 [error] 13864#12772: OpenEvent("ngx_stop_812") failed (2: The system cannot find the file specified)
2011/06/07 19:01:12 [notice] 13644#13172: signal process started
2011/06/07 19:01:12 [error] 13644#13172: OpenEvent("ngx_stop_7932") failed (2: The system cannot find the file specified)
2011/06/07 19:06:32 [notice] 13440#1252: signal process started
2011/06/07 19:06:32 [error] 13440#1252: OpenEvent("ngx_stop_5548") failed (2: The system cannot find the file specified)
2011/06/07 19:07:22 [notice] 272#13448: signal process started
2011/06/07 19:07:22 [error] 272#13448: OpenEvent("ngx_stop_12624") failed (2: The system cannot find the file specified)
2011/06/07 19:08:44 [notice] 13536#10500: signal process started
2011/06/07 19:08:44 [error] 13536#10500: OpenEvent("ngx_stop_11268") failed (2: The system cannot find the file specified)
2011/06/07 19:09:54 [notice] 11356#13364: signal process started
2011/06/07 19:09:54 [error] 11356#13364: OpenEvent("ngx_stop_13500") failed (2: The system cannot find the file specified)
2011/06/07 19:10:03 [error] 9076#8376: *1 CreateFile() "D:/workspace/dev/lsphp/hello" failed (2: The system cannot find the file specified), client: 127.0.0.1, server: farseer, request: "GET /hello HTTP/1.1", host: "localhost"
2011/06/07 19:10:10 [notice] 812#2648: signal process started
2011/06/07 19:10:10 [error] 812#2648: OpenEvent("ngx_stop_10236") failed (2: The system cannot find the file specified)
2011/06/07 19:11:22 [notice] 13700#5476: signal process started
2011/06/07 19:11:22 [error] 13700#5476: OpenEvent("ngx_stop_12908") failed (2: The system cannot find the file specified)
2011/06/07 19:12:51 [notice] 12452#13972: signal process started
2011/06/07 19:12:51 [error] 12452#13972: OpenEvent("ngx_stop_7744") failed (2: The system cannot find the file specified)
2011/06/07 19:13:26 [notice] 13184#4672: signal process started
2011/06/07 19:13:26 [error] 13184#4672: OpenEvent("ngx_stop_14096") failed (2: The system cannot find the file specified)
2011/06/07 19:17:20 [notice] 13356#2648: signal process started
2011/06/07 19:17:20 [error] 13356#2648: OpenEvent("ngx_stop_7420") failed (2: The system cannot find the file specified)
2011/06/08 09:17:17 [notice] 3704#3708: signal process started
2011/06/08 09:17:17 [error] 3704#3708: OpenEvent("ngx_stop_5796") failed (2: The system cannot find the file specified)
2011/06/08 09:21:54 [notice] 4440#4532: signal process started
2011/06/08 09:21:54 [error] 4440#4532: OpenEvent("ngx_stop_3020") failed (2: The system cannot find the file specified)
2011/06/08 09:45:29 [warn] 5836#5132: duplicate MIME type "text/html" in D:\workspace\dev\Farseer/conf/nginx.conf:21
2011/06/08 09:45:29 [notice] 5836#5132: signal process started
2011/06/08 09:45:29 [error] 5836#5132: OpenEvent("ngx_stop_4544") failed (2: The system cannot find the file specified)
2011/06/08 09:45:30 [warn] 4372#3372: duplicate MIME type "text/html" in D:\workspace\dev\Farseer/conf/nginx.conf:21
2011/06/08 09:45:30 [warn] 3812#836: duplicate MIME type "text/html" in D:\workspace\dev\Farseer/conf/nginx.conf:21
2011/06/08 10:16:15 [warn] 2352#4336: duplicate MIME type "text/html" in D:\workspace\dev\Farseer/conf/nginx.conf:21
2011/06/08 10:16:15 [notice] 2352#4336: signal process started
2011/06/08 10:16:15 [error] 2352#4336: OpenEvent("ngx_stop_4372") failed (2: The system cannot find the file specified)
2011/06/08 10:16:16 [warn] 5668#4032: duplicate MIME type "text/html" in D:\workspace\dev\Farseer/conf/nginx.conf:21
2011/06/08 10:16:16 [warn] 5940#5600: duplicate MIME type "text/html" in D:\workspace\dev\Farseer/conf/nginx.conf:21
2011/06/08 10:21:00 [warn] 3280#5812: duplicate MIME type "text/html" in D:\workspace\dev\Farseer/conf/nginx.conf:21
2011/06/08 10:21:00 [notice] 3280#5812: signal process started
2011/06/08 10:21:00 [error] 3280#5812: OpenEvent("ngx_stop_5668") failed (2: The system cannot find the file specified)
2011/06/08 10:21:00 [warn] 4344#4568: duplicate MIME type "text/html" in D:\workspace\dev\Farseer/conf/nginx.conf:21
2011/06/08 10:21:01 [warn] 2948#3124: duplicate MIME type "text/html" in D:\workspace\dev\Farseer/conf/nginx.conf:21
2011/06/08 10:22:06 [warn] 4120#5284: duplicate MIME type "text/html" in D:\workspace\dev\Farseer/conf/nginx.conf:21
2011/06/08 10:22:06 [notice] 4120#5284: signal process started
2011/06/08 10:22:06 [error] 4120#5284: OpenEvent("ngx_stop_4344") failed (2: The system cannot find the file specified)
2011/06/08 10:22:06 [warn] 5940#5132: duplicate MIME type "text/html" in D:\workspace\dev\Farseer/conf/nginx.conf:21
2011/06/08 10:22:07 [warn] 4248#5572: duplicate MIME type "text/html" in D:\workspace\dev\Farseer/conf/nginx.conf:21
2011/06/09 10:37:48 [warn] 828#3232: duplicate MIME type "text/html" in D:\workspace\dev\Farseer/conf/nginx.conf:21
2011/06/09 10:37:49 [warn] 2204#3732: duplicate MIME type "text/html" in D:\workspace\dev\Farseer/conf/nginx.conf:21
2011/06/09 10:37:59 [warn] 4640#4224: duplicate MIME type "text/html" in D:\workspace\dev\Farseer/conf/nginx.conf:21
2011/06/09 10:37:59 [warn] 4828#5936: duplicate MIME type "text/html" in D:\workspace\dev\Farseer/conf/nginx.conf:21
2011/06/09 10:38:02 [warn] 4220#5572: duplicate MIME type "text/html" in D:\workspace\dev\Farseer/conf/nginx.conf:21
2011/06/09 10:38:02 [notice] 4220#5572: signal process started
2011/06/09 10:38:02 [error] 4220#5572: OpenEvent("ngx_stop_4640") failed (2: The system cannot find the file specified)
2011/06/09 10:38:03 [warn] 1348#4656: duplicate MIME type "text/html" in D:\workspace\dev\Farseer/conf/nginx.conf:21
2011/06/09 10:38:03 [warn] 4144#6008: duplicate MIME type "text/html" in D:\workspace\dev\Farseer/conf/nginx.conf:21
2011/06/09 11:36:44 [warn] 7328#7648: duplicate MIME type "text/html" in D:\workspace\dev\Farseer/conf/nginx.conf:21
2011/06/09 11:36:44 [notice] 7328#7648: signal process started
2011/06/09 11:36:44 [error] 7328#7648: OpenEvent("ngx_stop_1348") failed (2: The system cannot find the file specified)
2011/06/09 11:36:48 [warn] 7340#6592: duplicate MIME type "text/html" in D:\workspace\dev\Farseer/conf/nginx.conf:21
2011/06/09 11:36:48 [notice] 7340#6592: signal process started
2011/06/09 11:36:48 [error] 7340#6592: OpenEvent("ngx_stop_1348") failed (2: The system cannot find the file specified)
2011/06/09 11:39:25 [warn] 7768#6900: duplicate MIME type "text/html" in D:\workspace\dev\Farseer/conf/nginx.conf:21
2011/06/09 11:39:25 [warn] 5580#7920: duplicate MIME type "text/html" in D:\workspace\dev\Farseer/conf/nginx.conf:21
2011/06/09 11:39:28 [warn] 6204#7676: duplicate MIME type "text/html" in D:\workspace\dev\Farseer/conf/nginx.conf:21
2011/06/09 11:39:28 [warn] 7016#6180: duplicate MIME type "text/html" in D:\workspace\dev\Farseer/conf/nginx.conf:21
2011/06/09 11:40:03 [warn] 5804#7520: duplicate MIME type "text/html" in D:\workspace\dev\Farseer/conf/nginx.conf:21
2011/06/09 11:40:03 [notice] 5804#7520: signal process started
2011/06/09 11:40:03 [error] 5804#7520: OpenEvent("ngx_stop_6204") failed (2: The system cannot find the file specified)
2011/06/09 11:40:06 [warn] 4048#5376: duplicate MIME type "text/html" in D:\workspace\dev\Farseer/conf/nginx.conf:21
2011/06/09 11:40:06 [notice] 4048#5376: signal process started
2011/06/09 11:40:06 [error] 4048#5376: OpenEvent("ngx_stop_6204") failed (2: The system cannot find the file specified)
2011/06/09 12:20:46 [warn] 4144#7652: duplicate MIME type "text/html" in D:\workspace\dev\Farseer/conf/nginx.conf:21
2011/06/09 12:20:46 [warn] 5000#6476: duplicate MIME type "text/html" in D:\workspace\dev\Farseer/conf/nginx.conf:21
2011/06/13 10:13:54 [warn] 1208#6088: duplicate MIME type "text/html" in D:\workspace\git\fsdiy/conf/nginx.conf:21
2011/06/13 10:13:55 [warn] 4524#4928: duplicate MIME type "text/html" in D:\workspace\git\fsdiy/conf/nginx.conf:21
2011/06/13 10:45:23 [error] 4524#5188: *8 directory index of "D:\workspace\git\fsdiy/qwdiy/resource/" is forbidden, client: 127.0.0.1, server: farseer, request: "GET /resource/ HTTP/1.1", host: "localhost"
2011/06/14 09:45:28 [warn] 320#4616: duplicate MIME type "text/html" in D:\workspace\git\fsdiy/conf/nginx.conf:21
2011/06/14 09:45:29 [warn] 6040#2892: duplicate MIME type "text/html" in D:\workspace\git\fsdiy/conf/nginx.conf:21
2011/06/14 18:06:30 [warn] 6852#7756: duplicate MIME type "text/html" in D:\workspace\git\fsdiy/conf/nginx.conf:21
2011/06/14 18:06:30 [notice] 6852#7756: signal process started
2011/06/14 18:06:30 [error] 6852#7756: OpenEvent("ngx_stop_320") failed (2: The system cannot find the file specified)
2011/06/14 18:06:31 [warn] 8180#6316: duplicate MIME type "text/html" in D:\workspace\git\fsdiy/conf/nginx.conf:21
2011/06/14 18:06:31 [warn] 5236#7032: duplicate MIME type "text/html" in D:\workspace\git\fsdiy/conf/nginx.conf:21
2011/06/14 18:17:51 [warn] 7844#7660: duplicate MIME type "text/html" in D:\workspace\git\fsdiy/conf/nginx.conf:21
2011/06/14 18:17:51 [notice] 7844#7660: signal process started
2011/06/14 18:17:51 [error] 7844#7660: OpenEvent("ngx_stop_8180") failed (2: The system cannot find the file specified)
2011/06/14 18:17:52 [warn] 4784#6848: duplicate MIME type "text/html" in D:\workspace\git\fsdiy/conf/nginx.conf:21
2011/06/14 18:17:52 [warn] 6736#5156: duplicate MIME type "text/html" in D:\workspace\git\fsdiy/conf/nginx.conf:21
2011/06/15 09:00:13 [warn] 6076#6088: duplicate MIME type "text/html" in D:\workspace\git\fsdiy/conf/nginx.conf:21
2011/06/15 09:00:13 [warn] 3812#3780: duplicate MIME type "text/html" in D:\workspace\git\fsdiy/conf/nginx.conf:21
2011/06/15 10:22:13 [warn] 496#4564: duplicate MIME type "text/html" in D:\workspace\git\fsdiy/conf/nginx.conf:21
2011/06/15 10:22:13 [notice] 496#4564: signal process started
2011/06/15 10:22:13 [error] 496#4564: OpenEvent("ngx_stop_6076") failed (2: The system cannot find the file specified)
2011/06/15 10:22:14 [warn] 4780#4148: duplicate MIME type "text/html" in D:\workspace\git\fsdiy/conf/nginx.conf:21
2011/06/15 10:22:14 [warn] 4264#3380: duplicate MIME type "text/html" in D:\workspace\git\fsdiy/conf/nginx.conf:21
2011/06/15 10:22:35 [warn] 4580#1980: duplicate MIME type "text/html" in D:\workspace\git\fsdiy/conf/nginx.conf:21
2011/06/15 10:22:35 [notice] 4580#1980: signal process started
2011/06/15 10:22:35 [error] 4580#1980: OpenEvent("ngx_stop_4780") failed (2: The system cannot find the file specified)
2011/06/15 10:22:36 [warn] 4160#6060: duplicate MIME type "text/html" in D:\workspace\git\fsdiy/conf/nginx.conf:21
2011/06/15 10:22:36 [warn] 5652#5544: duplicate MIME type "text/html" in D:\workspace\git\fsdiy/conf/nginx.conf:21
2011/06/15 10:25:24 [warn] 7576#7464: duplicate MIME type "text/html" in D:\workspace\git\fsdiy/conf/nginx.conf:21
2011/06/15 10:25:24 [notice] 7576#7464: signal process started
2011/06/15 10:25:24 [error] 7576#7464: OpenEvent("ngx_stop_4160") failed (2: The system cannot find the file specified)
2011/06/15 10:25:25 [warn] 7592#7604: duplicate MIME type "text/html" in D:\workspace\git\fsdiy/conf/nginx.conf:21
2011/06/15 10:25:25 [warn] 7800#7804: duplicate MIME type "text/html" in D:\workspace\git\fsdiy/conf/nginx.conf:21
2011/06/15 10:25:37 [warn] 7200#7204: duplicate MIME type "text/html" in D:\workspace\git\fsdiy/conf/nginx.conf:21
2011/06/15 10:25:37 [notice] 7200#7204: signal process started
2011/06/15 10:25:37 [error] 7200#7204: OpenEvent("ngx_stop_7592") failed (2: The system cannot find the file specified)
2011/06/15 10:25:38 [warn] 7216#7220: duplicate MIME type "text/html" in D:\workspace\git\fsdiy/conf/nginx.conf:21
2011/06/15 10:25:38 [warn] 7356#7360: duplicate MIME type "text/html" in D:\workspace\git\fsdiy/conf/nginx.conf:21
2011/06/15 10:25:51 [warn] 6844#6848: duplicate MIME type "text/html" in D:\workspace\git\fsdiy/conf/nginx.conf:21
2011/06/15 10:25:51 [notice] 6844#6848: signal process started
2011/06/15 10:25:51 [error] 6844#6848: OpenEvent("ngx_stop_7216") failed (2: The system cannot find the file specified)
2011/06/15 10:25:52 [warn] 6572#6528: duplicate MIME type "text/html" in D:\workspace\git\fsdiy/conf/nginx.conf:21
2011/06/15 10:25:52 [warn] 5584#4904: duplicate MIME type "text/html" in D:\workspace\git\fsdiy/conf/nginx.conf:21
2011/06/15 10:26:59 [warn] 6652#6648: duplicate MIME type "text/html" in D:\workspace\git\fsdiy/conf/nginx.conf:21
2011/06/15 10:26:59 [notice] 6652#6648: signal process started
2011/06/15 10:26:59 [error] 6652#6648: OpenEvent("ngx_stop_6572") failed (2: The system cannot find the file specified)
2011/06/15 10:26:59 [warn] 6692#6696: duplicate MIME type "text/html" in D:\workspace\git\fsdiy/conf/nginx.conf:21
2011/06/15 10:27:00 [warn] 1028#1660: duplicate MIME type "text/html" in D:\workspace\git\fsdiy/conf/nginx.conf:21
2011/06/15 10:27:26 [warn] 7788#7792: duplicate MIME type "text/html" in D:\workspace\git\fsdiy/conf/nginx.conf:21
2011/06/15 10:27:26 [notice] 7788#7792: signal process started
2011/06/15 10:27:26 [error] 7788#7792: OpenEvent("ngx_stop_6692") failed (2: The system cannot find the file specified)
2011/06/15 10:27:27 [warn] 7904#7908: duplicate MIME type "text/html" in D:\workspace\git\fsdiy/conf/nginx.conf:21
2011/06/15 10:27:27 [warn] 7384#2652: duplicate MIME type "text/html" in D:\workspace\git\fsdiy/conf/nginx.conf:21
2011/06/15 10:29:41 [warn] 2740#6208: duplicate MIME type "text/html" in D:\workspace\git\fsdiy/conf/nginx.conf:21
2011/06/15 10:29:41 [notice] 2740#6208: signal process started
2011/06/15 10:29:41 [error] 2740#6208: OpenEvent("ngx_stop_7904") failed (2: The system cannot find the file specified)
2011/06/15 10:29:41 [warn] 7216#5292: duplicate MIME type "text/html" in D:\workspace\git\fsdiy/conf/nginx.conf:21
2011/06/15 10:29:42 [warn] 6292#5060: duplicate MIME type "text/html" in D:\workspace\git\fsdiy/conf/nginx.conf:21
2011/06/15 10:31:22 [warn] 6480#7804: duplicate MIME type "text/html" in D:\workspace\git\fsdiy/conf/nginx.conf:21
2011/06/15 10:31:22 [notice] 6480#7804: signal process started
2011/06/15 10:31:22 [error] 6480#7804: OpenEvent("ngx_stop_7216") failed (2: The system cannot find the file specified)
2011/06/15 10:31:23 [warn] 6760#6768: duplicate MIME type "text/html" in D:\workspace\git\fsdiy/conf/nginx.conf:21
2011/06/15 10:31:23 [warn] 7076#7080: duplicate MIME type "text/html" in D:\workspace\git\fsdiy/conf/nginx.conf:21
2011/06/15 10:35:38 [warn] 4144#7484: duplicate MIME type "text/html" in D:\workspace\git\fsdiy/conf/nginx.conf:21
2011/06/15 10:35:38 [notice] 4144#7484: signal process started
2011/06/15 10:35:38 [error] 4144#7484: OpenEvent("ngx_stop_6760") failed (2: The system cannot find the file specified)
2011/06/15 10:35:39 [warn] 7528#6324: duplicate MIME type "text/html" in D:\workspace\git\fsdiy/conf/nginx.conf:21
2011/06/15 10:35:39 [warn] 6644#7596: duplicate MIME type "text/html" in D:\workspace\git\fsdiy/conf/nginx.conf:21
2011/06/15 10:37:19 [warn] 6852#7208: duplicate MIME type "text/html" in D:\workspace\git\fsdiy/conf/nginx.conf:21
2011/06/15 10:37:19 [notice] 6852#7208: signal process started
2011/06/15 10:37:19 [error] 6852#7208: OpenEvent("ngx_stop_7528") failed (2: The system cannot find the file specified)
2011/06/15 10:37:20 [warn] 6860#6900: duplicate MIME type "text/html" in D:\workspace\git\fsdiy/conf/nginx.conf:21
2011/06/15 10:37:20 [warn] 6168#7160: duplicate MIME type "text/html" in D:\workspace\git\fsdiy/conf/nginx.conf:21
2011/06/15 10:37:51 [warn] 6888#7144: duplicate MIME type "text/html" in D:\workspace\git\fsdiy/conf/nginx.conf:21
2011/06/15 10:37:51 [emerg] 6888#7144: unknown directive "echo" in D:\workspace\git\fsdiy/conf/nginx.conf:49
2011/06/15 10:37:52 [warn] 7312#7316: duplicate MIME type "text/html" in D:\workspace\git\fsdiy/conf/nginx.conf:21
2011/06/15 10:37:52 [emerg] 7312#7316: unknown directive "echo" in D:\workspace\git\fsdiy/conf/nginx.conf:49
2011/06/15 10:39:07 [warn] 6532#8080: duplicate MIME type "text/html" in D:\workspace\git\fsdiy/conf/nginx.conf:21
2011/06/15 10:39:07 [notice] 6532#8080: signal process started
2011/06/15 10:39:07 [error] 6532#8080: OpenEvent("ngx_stop_6860") failed (2: The system cannot find the file specified)
2011/06/15 10:39:08 [warn] 5696#264: duplicate MIME type "text/html" in D:\workspace\git\fsdiy/conf/nginx.conf:21
2011/06/15 10:39:08 [warn] 6312#6672: duplicate MIME type "text/html" in D:\workspace\git\fsdiy/conf/nginx.conf:21
2011/06/15 10:40:05 [warn] 7272#7144: duplicate MIME type "text/html" in D:\workspace\git\fsdiy/conf/nginx.conf:21
2011/06/15 10:40:05 [notice] 7272#7144: signal process started
2011/06/15 10:40:05 [error] 7272#7144: OpenEvent("ngx_stop_5696") failed (2: The system cannot find the file specified)
2011/06/15 10:40:06 [warn] 6888#7336: duplicate MIME type "text/html" in D:\workspace\git\fsdiy/conf/nginx.conf:21
2011/06/15 10:40:06 [warn] 7732#6432: duplicate MIME type "text/html" in D:\workspace\git\fsdiy/conf/nginx.conf:21
2011/06/15 10:40:29 [warn] 6968#3508: duplicate MIME type "text/html" in D:\workspace\git\fsdiy/conf/nginx.conf:21
2011/06/15 10:40:29 [notice] 6968#3508: signal process started
2011/06/15 10:40:29 [error] 6968#3508: OpenEvent("ngx_stop_6888") failed (2: The system cannot find the file specified)
2011/06/15 10:40:29 [warn] 5812#7524: duplicate MIME type "text/html" in D:\workspace\git\fsdiy/conf/nginx.conf:21
2011/06/15 10:40:30 [warn] 4152#6752: duplicate MIME type "text/html" in D:\workspace\git\fsdiy/conf/nginx.conf:21
2011/06/15 10:41:21 [warn] 4256#7848: duplicate MIME type "text/html" in D:\workspace\git\fsdiy/conf/nginx.conf:21
2011/06/15 10:41:21 [emerg] 4256#7848: unknown directive "else" in D:\workspace\git\fsdiy/conf/nginx.conf:36
2011/06/15 10:41:22 [warn] 5624#7036: duplicate MIME type "text/html" in D:\workspace\git\fsdiy/conf/nginx.conf:21
2011/06/15 10:41:22 [emerg] 5624#7036: unknown directive "else" in D:\workspace\git\fsdiy/conf/nginx.conf:36
2011/06/15 10:43:24 [warn] 5696#2636: duplicate MIME type "text/html" in D:\workspace\git\fsdiy/conf/nginx.conf:21
2011/06/15 10:43:24 [notice] 5696#2636: signal process started
2011/06/15 10:43:24 [error] 5696#2636: OpenEvent("ngx_stop_5812") failed (2: The system cannot find the file specified)
2011/06/15 10:43:25 [warn] 5080#7992: duplicate MIME type "text/html" in D:\workspace\git\fsdiy/conf/nginx.conf:21
2011/06/15 10:43:25 [warn] 6420#7780: duplicate MIME type "text/html" in D:\workspace\git\fsdiy/conf/nginx.conf:21
2011/06/15 10:45:35 [warn] 4148#7844: duplicate MIME type "text/html" in D:\workspace\git\fsdiy/conf/nginx.conf:21
2011/06/15 10:45:35 [emerg] 4148#7844: unexpected "}" in D:\workspace\git\fsdiy/conf/nginx.conf:43
2011/06/15 10:45:36 [warn] 7888#6632: duplicate MIME type "text/html" in D:\workspace\git\fsdiy/conf/nginx.conf:21
2011/06/15 10:45:36 [emerg] 7888#6632: unexpected "}" in D:\workspace\git\fsdiy/conf/nginx.conf:43
2011/06/15 10:46:04 [warn] 8184#6752: duplicate MIME type "text/html" in D:\workspace\git\fsdiy/conf/nginx.conf:21
2011/06/15 10:46:04 [notice] 8184#6752: signal process started
2011/06/15 10:46:04 [error] 8184#6752: OpenEvent("ngx_stop_5080") failed (2: The system cannot find the file specified)
2011/06/15 10:46:04 [warn] 7132#6076: duplicate MIME type "text/html" in D:\workspace\git\fsdiy/conf/nginx.conf:21
2011/06/15 10:46:05 [warn] 336#6676: duplicate MIME type "text/html" in D:\workspace\git\fsdiy/conf/nginx.conf:21
2011/06/15 10:47:31 [warn] 6524#6512: duplicate MIME type "text/html" in D:\workspace\git\fsdiy/conf/nginx.conf:21
2011/06/15 10:47:31 [notice] 6524#6512: signal process started
2011/06/15 10:47:31 [error] 6524#6512: OpenEvent("ngx_stop_7132") failed (2: The system cannot find the file specified)
2011/06/15 10:47:32 [warn] 7872#6824: duplicate MIME type "text/html" in D:\workspace\git\fsdiy/conf/nginx.conf:21
2011/06/15 10:47:32 [warn] 6852#7452: duplicate MIME type "text/html" in D:\workspace\git\fsdiy/conf/nginx.conf:21
2011/06/15 10:49:03 [warn] 6216#6780: duplicate MIME type "text/html" in D:\workspace\git\fsdiy/conf/nginx.conf:21
2011/06/15 10:49:03 [emerg] 6216#6780: invalid condition "~" in D:\workspace\git\fsdiy/conf/nginx.conf:39
2011/06/15 10:49:03 [warn] 6356#6248: duplicate MIME type "text/html" in D:\workspace\git\fsdiy/conf/nginx.conf:21
2011/06/15 10:49:03 [emerg] 6356#6248: invalid condition "~" in D:\workspace\git\fsdiy/conf/nginx.conf:39
2011/06/15 10:50:30 [warn] 8108#7440: duplicate MIME type "text/html" in D:\workspace\git\fsdiy/conf/nginx.conf:21
2011/06/15 10:50:30 [emerg] 8108#7440: "include" directive is not allowed here in D:\workspace\git\fsdiy/conf/nginx.conf:40
2011/06/15 10:50:30 [warn] 5048#6564: duplicate MIME type "text/html" in D:\workspace\git\fsdiy/conf/nginx.conf:21
2011/06/15 10:50:30 [emerg] 5048#6564: "include" directive is not allowed here in D:\workspace\git\fsdiy/conf/nginx.conf:40
2011/06/15 10:51:24 [warn] 7328#7884: duplicate MIME type "text/html" in D:\workspace\git\fsdiy/conf/nginx.conf:21
2011/06/15 10:51:24 [notice] 7328#7884: signal process started
2011/06/15 10:51:24 [error] 7328#7884: OpenEvent("ngx_stop_7872") failed (2: The system cannot find the file specified)
2011/06/15 10:51:25 [warn] 6784#6840: duplicate MIME type "text/html" in D:\workspace\git\fsdiy/conf/nginx.conf:21
2011/06/15 10:51:25 [warn] 5476#1828: duplicate MIME type "text/html" in D:\workspace\git\fsdiy/conf/nginx.conf:21
2011/06/16 14:52:08 [warn] 7076#7448: duplicate MIME type "text/html" in D:\workspace\git\fsdiy/conf/nginx.conf:21
2011/06/16 14:52:09 [warn] 6768#2188: duplicate MIME type "text/html" in D:\workspace\git\fsdiy/conf/nginx.conf:21
2011/06/20 17:01:33 [warn] 9456#9484: duplicate MIME type "text/html" in D:\workspace\git\fsdiy/conf/nginx.conf:21
2011/06/20 17:01:33 [warn] 7484#6296: duplicate MIME type "text/html" in D:\workspace\git\fsdiy/conf/nginx.conf:21
2011/06/20 17:01:38 [warn] 9840#9844: duplicate MIME type "text/html" in D:\workspace\git\fsdiy/conf/nginx.conf:21
2011/06/20 17:01:38 [notice] 9840#9844: signal process started
2011/06/20 17:01:38 [error] 9840#9844: OpenEvent("ngx_stop_9456") failed (2: The system cannot find the file specified)
2011/06/20 17:01:38 [warn] 9808#9864: duplicate MIME type "text/html" in D:\workspace\git\fsdiy/conf/nginx.conf:21
2011/06/20 17:01:39 [warn] 7488#7384: duplicate MIME type "text/html" in D:\workspace\git\fsdiy/conf/nginx.conf:21
2011/06/20 17:29:02 [warn] 5220#8768: duplicate MIME type "text/html" in D:\workspace\git\fsdiy/conf/nginx.conf:21
2011/06/20 17:29:02 [notice] 5220#8768: signal process started
2011/06/20 17:29:02 [error] 5220#8768: OpenEvent("ngx_stop_9808") failed (2: The system cannot find the file specified)
2011/06/20 17:29:03 [warn] 8808#8820: duplicate MIME type "text/html" in D:\workspace\git\fsdiy/conf/nginx.conf:21
2011/06/20 17:29:03 [warn] 8948#8816: duplicate MIME type "text/html" in D:\workspace\git\fsdiy/conf/nginx.conf:21
2011/06/20 17:29:19 [warn] 8276#8624: duplicate MIME type "text/html" in D:\workspace\git\fsdiy/conf/nginx.conf:21
2011/06/20 17:29:19 [notice] 8276#8624: signal process started
2011/06/20 17:29:19 [error] 8276#8624: OpenEvent("ngx_stop_8808") failed (2: The system cannot find the file specified)
2011/06/20 17:29:20 [warn] 6644#9732: duplicate MIME type "text/html" in D:\workspace\git\fsdiy/conf/nginx.conf:21
2011/06/20 17:29:20 [warn] 6412#8596: duplicate MIME type "text/html" in D:\workspace\git\fsdiy/conf/nginx.conf:21
2011/06/20 18:04:46 [warn] 11496#11508: duplicate MIME type "text/html" in D:\workspace\git\fsdiy/conf/nginx.conf:21
2011/06/20 18:04:46 [warn] 11536#11544: duplicate MIME type "text/html" in D:\workspace\git\fsdiy/conf/nginx.conf:21
2011/06/20 18:04:49 [warn] 9504#11208: duplicate MIME type "text/html" in D:\workspace\git\fsdiy/conf/nginx.conf:21
2011/06/20 18:04:49 [notice] 9504#11208: signal process started
2011/06/20 18:04:49 [error] 9504#11208: OpenEvent("ngx_stop_11496") failed (2: The system cannot find the file specified)
2011/06/20 18:04:50 [warn] 9640#6148: duplicate MIME type "text/html" in D:\workspace\git\fsdiy/conf/nginx.conf:21
2011/06/20 18:04:50 [warn] 9444#1868: duplicate MIME type "text/html" in D:\workspace\git\fsdiy/conf/nginx.conf:21
2011/06/20 18:07:27 [warn] 9844#9636: duplicate MIME type "text/html" in D:\workspace\git\fsdiy/conf/nginx.conf:21
2011/06/20 18:07:27 [notice] 9844#9636: signal process started
2011/06/20 18:07:27 [error] 9844#9636: OpenEvent("ngx_stop_9640") failed (2: The system cannot find the file specified)
2011/06/20 18:07:28 [warn] 12176#10808: duplicate MIME type "text/html" in D:\workspace\git\fsdiy/conf/nginx.conf:21
2011/06/20 18:07:28 [warn] 8204#8288: duplicate MIME type "text/html" in D:\workspace\git\fsdiy/conf/nginx.conf:21
2011/06/20 18:07:59 [warn] 10584#7504: duplicate MIME type "text/html" in D:\workspace\git\fsdiy/conf/nginx.conf:21
2011/06/20 18:07:59 [notice] 10584#7504: signal process started
2011/06/20 18:07:59 [error] 10584#7504: OpenEvent("ngx_stop_12176") failed (2: The system cannot find the file specified)
2011/06/20 18:08:00 [warn] 7540#10644: duplicate MIME type "text/html" in D:\workspace\git\fsdiy/conf/nginx.conf:21
2011/06/20 18:08:00 [warn] 12036#11632: duplicate MIME type "text/html" in D:\workspace\git\fsdiy/conf/nginx.conf:21
2011/06/20 18:16:58 [warn] 9076#11800: duplicate MIME type "text/html" in D:\workspace\git\fsdiy/conf/nginx.conf:21
2011/06/20 18:16:58 [notice] 9076#11800: signal process started
2011/06/20 18:16:58 [error] 9076#11800: OpenEvent("ngx_stop_7540") failed (2: The system cannot find the file specified)
2011/06/20 18:17:39 [warn] 8428#9900: "worker_cpu_affinity" is not supported on this platform, ignored in D:\workspace\git\fsdiy/conf/nginx.conf:4
2011/06/20 18:17:39 [emerg] 8428#9900: invalid event type "epoll" in D:\workspace\git\fsdiy/conf/nginx.conf:13
2011/06/20 18:17:39 [warn] 10964#10620: "worker_cpu_affinity" is not supported on this platform, ignored in D:\workspace\git\fsdiy/conf/nginx.conf:4
2011/06/20 18:17:39 [emerg] 10964#10620: invalid event type "epoll" in D:\workspace\git\fsdiy/conf/nginx.conf:13
2011/06/20 18:18:57 [warn] 11116#12200: "worker_cpu_affinity" is not supported on this platform, ignored in D:\workspace\git\fsdiy/conf/nginx.conf:4
2011/06/20 18:18:57 [emerg] 11116#12200: CreateFile() "D:\workspace\git\fsdiy/conf/upstream.conf" failed (2: The system cannot find the file specified) in D:\workspace\git\fsdiy/conf/nginx.conf:20
2011/06/20 18:18:58 [warn] 12076#8120: "worker_cpu_affinity" is not supported on this platform, ignored in D:\workspace\git\fsdiy/conf/nginx.conf:4
2011/06/20 18:18:58 [emerg] 12076#8120: CreateFile() "D:\workspace\git\fsdiy/conf/upstream.conf" failed (2: The system cannot find the file specified) in D:\workspace\git\fsdiy/conf/nginx.conf:20
2011/06/20 18:24:14 [warn] 11920#11192: duplicate MIME type "text/html" in D:\workspace\git\fsdiy/conf/nginx.conf:21
2011/06/20 18:24:14 [notice] 11920#11192: signal process started
2011/06/20 18:24:14 [error] 11920#11192: OpenEvent("ngx_stop_7540") failed (2: The system cannot find the file specified)
2011/06/20 18:24:14 [warn] 11276#6668: duplicate MIME type "text/html" in D:\workspace\git\fsdiy/conf/nginx.conf:21
2011/06/20 18:24:15 [warn] 6644#6892: duplicate MIME type "text/html" in D:\workspace\git\fsdiy/conf/nginx.conf:21
2011/06/20 18:24:50 [warn] 11984#11988: "worker_cpu_affinity" is not supported on this platform, ignored in D:\workspace\git\fsdiy/conf/nginx.conf:11
2011/06/20 18:24:50 [warn] 11984#11988: duplicate MIME type "text/html" in D:\workspace\git\fsdiy/conf/nginx.conf:25
2011/06/20 18:24:50 [notice] 11984#11988: signal process started
2011/06/20 18:24:50 [error] 11984#11988: OpenEvent("ngx_stop_11276") failed (2: The system cannot find the file specified)
2011/06/20 18:24:51 [warn] 10540#5848: "worker_cpu_affinity" is not supported on this platform, ignored in D:\workspace\git\fsdiy/conf/nginx.conf:11
2011/06/20 18:24:51 [warn] 10540#5848: duplicate MIME type "text/html" in D:\workspace\git\fsdiy/conf/nginx.conf:25
2011/06/20 18:24:51 [warn] 9900#12120: "worker_cpu_affinity" is not supported on this platform, ignored in D:\workspace\git\fsdiy/conf/nginx.conf:11
2011/06/20 18:24:51 [warn] 9900#12120: duplicate MIME type "text/html" in D:\workspace\git\fsdiy/conf/nginx.conf:25
2011/06/20 18:24:51 [warn] 12280#11508: "worker_cpu_affinity" is not supported on this platform, ignored in D:\workspace\git\fsdiy/conf/nginx.conf:11
2011/06/20 18:24:51 [warn] 12280#11508: duplicate MIME type "text/html" in D:\workspace\git\fsdiy/conf/nginx.conf:25
2011/06/20 18:24:52 [warn] 8824#11516: "worker_cpu_affinity" is not supported on this platform, ignored in D:\workspace\git\fsdiy/conf/nginx.conf:11
2011/06/20 18:24:52 [warn] 8824#11516: duplicate MIME type "text/html" in D:\workspace\git\fsdiy/conf/nginx.conf:25
2011/06/20 18:24:52 [warn] 6892#10960: "worker_cpu_affinity" is not supported on this platform, ignored in D:\workspace\git\fsdiy/conf/nginx.conf:11
2011/06/20 18:24:52 [warn] 6892#10960: duplicate MIME type "text/html" in D:\workspace\git\fsdiy/conf/nginx.conf:25
2011/06/20 18:24:52 [warn] 8896#8456: "worker_cpu_affinity" is not supported on this platform, ignored in D:\workspace\git\fsdiy/conf/nginx.conf:11
2011/06/20 18:24:52 [warn] 8896#8456: duplicate MIME type "text/html" in D:\workspace\git\fsdiy/conf/nginx.conf:25
2011/06/20 18:24:52 [warn] 8636#10180: "worker_cpu_affinity" is not supported on this platform, ignored in D:\workspace\git\fsdiy/conf/nginx.conf:11
2011/06/20 18:24:52 [warn] 8636#10180: duplicate MIME type "text/html" in D:\workspace\git\fsdiy/conf/nginx.conf:25
2011/06/20 18:24:52 [warn] 12308#12312: "worker_cpu_affinity" is not supported on this platform, ignored in D:\workspace\git\fsdiy/conf/nginx.conf:11
2011/06/20 18:24:52 [warn] 12308#12312: duplicate MIME type "text/html" in D:\workspace\git\fsdiy/conf/nginx.conf:25
2011/06/20 18:24:53 [warn] 12368#12372: "worker_cpu_affinity" is not supported on this platform, ignored in D:\workspace\git\fsdiy/conf/nginx.conf:11
2011/06/20 18:24:53 [warn] 12368#12372: duplicate MIME type "text/html" in D:\workspace\git\fsdiy/conf/nginx.conf:25
2011/06/20 18:25:21 [warn] 13576#13580: duplicate MIME type "text/html" in D:\workspace\git\fsdiy/conf/nginx.conf:22
2011/06/20 18:25:21 [notice] 13576#13580: signal process started
2011/06/20 18:25:21 [error] 13576#13580: OpenEvent("ngx_stop_10540") failed (2: The system cannot find the file specified)
2011/06/20 18:25:22 [warn] 13920#13924: duplicate MIME type "text/html" in D:\workspace\git\fsdiy/conf/nginx.conf:22
2011/06/20 18:25:23 [warn] 14016#14020: duplicate MIME type "text/html" in D:\workspace\git\fsdiy/conf/nginx.conf:22
2011/06/20 18:26:31 [warn] 12920#12928: duplicate MIME type "text/html" in D:\workspace\git\fsdiy/conf/nginx.conf:26
2011/06/20 18:26:31 [notice] 12920#12928: signal process started
2011/06/20 18:26:31 [error] 12920#12928: OpenEvent("ngx_stop_13920") failed (2: The system cannot find the file specified)
2011/06/20 18:26:31 [warn] 12996#13000: duplicate MIME type "text/html" in D:\workspace\git\fsdiy/conf/nginx.conf:26
2011/06/20 18:26:32 [warn] 13188#13192: duplicate MIME type "text/html" in D:\workspace\git\fsdiy/conf/nginx.conf:26
2011/06/20 18:29:40 [notice] 11824#10920: signal process started
2011/06/20 18:29:40 [error] 11824#10920: OpenEvent("ngx_stop_12996") failed (2: The system cannot find the file specified)
2011/06/20 18:32:03 [notice] 12600#12604: signal process started
2011/06/20 18:32:03 [error] 12600#12604: OpenEvent("ngx_stop_10068") failed (2: The system cannot find the file specified)
2011/06/20 18:35:49 [emerg] 13012#13008: unknown directive "more_set_headers" in D:\workspace\git\fsdiy/conf/nginx.conf:51
2011/06/20 18:35:50 [emerg] 13016#12464: unknown directive "more_set_headers" in D:\workspace\git\fsdiy/conf/nginx.conf:51
2011/06/20 18:37:10 [notice] 13860#13856: signal process started
2011/06/20 18:37:10 [error] 13860#13856: OpenEvent("ngx_stop_12444") failed (2: The system cannot find the file specified)
2011/06/20 18:51:25 [notice] 12784#8460: signal process started
2011/06/20 18:51:25 [error] 12784#8460: OpenEvent("ngx_stop_12908") failed (2: The system cannot find the file specified)
2011/06/20 18:52:43 [emerg] 12768#8460: no port in upstream "FastCgiServers" in D:\workspace\git\fsdiy/conf/nginx.conf:72
2011/06/20 18:52:43 [emerg] 12784#12100: no port in upstream "FastCgiServers" in D:\workspace\git\fsdiy/conf/nginx.conf:72
2011/06/20 18:53:27 [notice] 13504#11824: signal process started
2011/06/20 18:53:27 [error] 13504#11824: OpenEvent("ngx_stop_13964") failed (2: The system cannot find the file specified)
2011/06/20 19:29:32 [notice] 14308#11304: signal process started
2011/06/20 19:29:32 [error] 14308#11304: OpenEvent("ngx_stop_12256") failed (2: The system cannot find the file specified)
2011/06/20 19:30:16 [notice] 13928#12012: signal process started
2011/06/20 19:30:16 [error] 13928#12012: OpenEvent("ngx_stop_13072") failed (2: The system cannot find the file specified)
2011/06/20 19:30:18 [notice] 13796#14068: signal process started
2011/06/20 19:30:18 [error] 13796#14068: OpenEvent("ngx_stop_13072") failed (2: The system cannot find the file specified)
2011/06/20 19:32:23 [notice] 15192#15208: signal process started
2011/06/20 19:32:23 [error] 15192#15208: OpenEvent("ngx_stop_9404") failed (2: The system cannot find the file specified)
